<?xml version="1.0" encoding="UTF-8"?>
<!-- Generated by org.testng.reporters.JUnitReportReporter -->
<testsuite hostname="DESKTOP-5F19QSO" failures="0" tests="4" name="tests.UpdateBookingTest" time="8.123" errors="0" timestamp="2026-05-28T16:31:56 CEST" skipped="0">
  <testcase classname="tests.UpdateBookingTest" name="createBookingTest" time="4.515"/>
  <testcase classname="tests.UpdateBookingTest" name="getBookingTest" time="0.726"/>
  <testcase classname="tests.UpdateBookingTest" name="updateBookingTest" time="1.189"/>
  <testcase classname="tests.UpdateBookingTest" name="deleteBookingTest" time="1.693"/>
</testsuite> <!-- tests.UpdateBookingTest -->
