<?xml version="1.0" encoding="UTF-8"?>
<testng-results ignored="0" total="1" passed="1" failed="0" skipped="0">
  <reporter-output>
  </reporter-output>
  <suite started-at="2026-05-28T16:39:12 CEST" name="Default suite" finished-at="2026-05-28T16:39:16 CEST" duration-ms="4649">
    <groups>
    </groups>
    <test started-at="2026-05-28T16:39:12 CEST" name="Default test" finished-at="2026-05-28T16:39:16 CEST" duration-ms="4649">
      <class name="tests.CreateBookingTest">
        <test-method is-config="true" signature="setup()[pri:0, instance:tests.CreateBookingTest@55b699ef]" started-at="2026-05-28T16:39:12 CEST" name="setup" finished-at="2026-05-28T16:39:13 CEST" duration-ms="1005" status="PASS">
          <reporter-output>
          </reporter-output>
        </test-method> <!-- setup -->
        <test-method signature="createBookingTest()[pri:0, instance:tests.CreateBookingTest@55b699ef]" started-at="2026-05-28T16:39:13 CEST" name="createBookingTest" finished-at="2026-05-28T16:39:16 CEST" duration-ms="3567" status="PASS">
          <reporter-output>
          </reporter-output>
        </test-method> <!-- createBookingTest -->
        <test-method is-config="true" signature="tearDown()[pri:0, instance:tests.CreateBookingTest@55b699ef]" started-at="2026-05-28T16:39:16 CEST" name="tearDown" finished-at="2026-05-28T16:39:16 CEST" duration-ms="2" status="PASS">
          <reporter-output>
          </reporter-output>
        </test-method> <!-- tearDown -->
      </class> <!-- tests.CreateBookingTest -->
    </test> <!-- Default test -->
  </suite> <!-- Default suite -->
</testng-results>
